Arguments: 
  /home/bazzcode/.nvm/versions/node/v16.8.0/bin/node /usr/share/yarn/bin/yarn.js add express dotenv

PATH: 
  /home/bazzcode/.local/bin:/home/bazzcode/.nvm/versions/node/v16.8.0/bin:/home/bazzcode/.local/bin:/usr/local/sbin:/usr/local/bin:/usr/sbin:/usr/bin:/sbin:/bin:/usr/games:/usr/local/games:/snap/bin

Yarn version: 
  1.22.5

Node version: 
  16.8.0

Platform: 
  linux x64

Trace: 
  Error: getaddrinfo EAI_AGAIN registry.yarnpkg.com
      at GetAddrInfoReqWrap.onlookup [as oncomplete] (node:dns:71:26)

npm manifest: 
  {
    "name": "aj_api",
    "version": "1.0.0",
    "description": "Investment Backend Api",
    "main": "server.js",
    "scripts": {
      "test": "echo \"Error: no test specified\" && exit 1"
    },
    "author": "",
    "license": "MIT"
  }

yarn manifest: 
  No manifest

Lockfile: 
  No lockfile
